"Severity","ThreadID","Date","Time","Application","Message"
"ERROR","web-0","05/25/2012","08:53:00","","Page /rewrite.cfm [F:\Sites\uc-ccpd\rewrite.cfm] not found"
"ERROR","web-0","05/31/2012","10:04:26","","datasource [CCPD_PROD] doesn't exist"
"ERROR","web-0","05/31/2012","10:12:35","","key [NAME] doesn't exist in struct (keys:rememberMe,subAction,mainAction)"
"ERROR","web-0","05/31/2012","10:44:52","","key [USERNAME] doesn't exist in argument scope"
"ERROR","web-0","05/31/2012","13:46:01","","Invalid object name 'ce_Person'."
"ERROR","web-0","05/31/2012","13:53:06","","datasource [CCPD_PROD] doesn't exist"
"ERROR","web-0","05/31/2012","14:06:46","","key [Assets] doesn't exist in struct (keys:)"
"ERROR","web-0","05/31/2012","14:06:46","","key [Assets] doesn't exist in struct (keys:)"
"ERROR","web-0","05/31/2012","14:06:46","","key [Assets] doesn't exist in struct (keys:)"
"ERROR","web-0","05/31/2012","14:06:46","","Element at position [6] doesn't exist in array"
"ERROR","web-0","05/31/2012","14:16:03","","key [Assets] doesn't exist in struct (keys:)"
"ERROR","web-0","05/31/2012","14:16:04","","key [Assets] doesn't exist in struct (keys:)"
"ERROR","web-0","05/31/2012","14:16:04","","key [Assets] doesn't exist in struct (keys:)"
"ERROR","web-0","05/31/2012","14:16:04","","key [Assets] doesn't exist in struct (keys:)"
"ERROR","web-0","05/31/2012","14:20:15","","key [Assets] doesn't exist in struct (keys:)"
"ERROR","web-0","05/31/2012","14:20:27","","key [Assets] doesn't exist in struct (keys:)"
"ERROR","web-0","05/31/2012","14:20:27","","key [Assets] doesn't exist in struct (keys:)"
"ERROR","web-0","05/31/2012","14:20:27","","key [Assets] doesn't exist in struct (keys:)"
"ERROR","web-0","05/31/2012","14:23:16","","key [Assets] doesn't exist in struct (keys:)"
"ERROR","web-0","05/31/2012","14:23:16","","Element at position [11] doesn't exist in array"
"ERROR","web-0","05/31/2012","14:23:16","","key [activate] doesn't exist in struct (keys:activate)"
"ERROR","web-0","05/31/2012","14:23:54","","Element at position [4] doesn't exist in array"
"ERROR","web-0","05/31/2012","14:23:54","","key [Assets] doesn't exist in struct (keys:)"
"ERROR","web-0","05/31/2012","14:23:54","","key [Assets] doesn't exist in struct (keys:)"
"ERROR","web-0","05/31/2012","14:23:54","","key [Assets] doesn't exist in struct (keys:)"
"ERROR","web-0","05/31/2012","14:23:54","","key [Assets] doesn't exist in struct (keys:)"
"ERROR","web-0","05/31/2012","14:27:46","","Element at position [9] doesn't exist in array"
"ERROR","web-0","05/31/2012","14:28:51","","Element at position [3] doesn't exist in array"
"ERROR","web-0","05/31/2012","14:28:51","","key [Assets] doesn't exist in struct (keys:)"
"ERROR","web-0","05/31/2012","14:28:51","","key [Assets] doesn't exist in struct (keys:)"
"ERROR","web-0","05/31/2012","14:28:51","","key [Assets] doesn't exist in struct (keys:)"
"ERROR","web-0","05/31/2012","14:28:51","","key [Assets] doesn't exist in struct (keys:)"
"ERROR","web-0","05/31/2012","14:28:51","","key [Assets] doesn't exist in struct (keys:)"
"ERROR","web-0","05/31/2012","14:36:26","","key [NAME] doesn't exist in struct (keys:ASSETBUNDLER,applicationname,WHEELS)"
"ERROR","web-0","05/31/2012","14:36:31","","key [NAME] doesn't exist in struct (keys:ASSETBUNDLER,applicationname,WHEELS)"
"ERROR","web-0","05/31/2012","14:37:45","","key [CONF] doesn't exist in struct (keys:ASSETBUNDLER,applicationname,WHEELS)"
"ERROR","web-0","05/31/2012","14:37:50","","key [CONF] doesn't exist in struct (keys:ASSETBUNDLER,applicationname,WHEELS)"
"ERROR","web-0","05/31/2012","14:38:01","","key [CONF] doesn't exist in struct (keys:ASSETBUNDLER,applicationname,WHEELS)"
"ERROR","web-0","05/31/2012","14:38:14","","variable [APP] doesn't exist"
"ERROR","web-0","05/31/2012","14:38:31","","key [CONF] doesn't exist in struct (keys:ASSETBUNDLER,applicationname,WHEELS)"
"ERROR","web-0","05/31/2012","14:40:24","","missing terminating [#] for expression"
"ERROR","web-0","05/31/2012","14:40:34","","missing terminating [#] for expression"
