"Severity","ThreadID","Date","Time","Application","Message"
"ERROR","web-0","05/25/2012","08:53:00","","Page /rewrite.cfm [F:\Sites\uc-ccpd\rewrite.cfm] not found
	at railo.runtime.PageSourceImpl.loadPage(PageSourceImpl.java:140):140
	at railo.runtime.PageContextImpl.doInclude(PageContextImpl.java:759):759
	at railo.runtime.listener.ClassicAppListener._onRequest(ClassicAppListener.java:35):35
	at railo.runtime.listener.MixedAppListener.onRequest(MixedAppListener.java:24):24
	at railo.runtime.PageContextImpl.execute(PageContextImpl.java:1991):1991
	at railo.runtime.PageContextImpl.execute(PageContextImpl.java:1958):1958
	at railo.runtime.engine.CFMLEngineImpl.serviceCFML(CFMLEngineImpl.java:297):297
	at railo.loader.servlet.CFMLServlet.service(CFMLServlet.java:32):32
	at javax.servlet.http.HttpServlet.service(HttpServlet.java:722):722
	at org.apache.catalina.core.ApplicationFilterChain.internalDoFilter(ApplicationFilterChain.java:304):304
	at org.apache.catalina.core.ApplicationFilterChain.doFilter(ApplicationFilterChain.java:210):210
	at org.apache.catalina.core.StandardWrapperValve.invoke(StandardWrapperValve.java:224):224
	at org.apache.catalina.core.StandardContextValve.invoke(StandardContextValve.java:169):169
	at org.apache.catalina.authenticator.AuthenticatorBase.invoke(AuthenticatorBase.java:472):472
	at org.apache.catalina.core.StandardHostValve.invoke(StandardHostValve.java:168):168
	at org.apache.catalina.valves.ErrorReportValve.invoke(ErrorReportValve.java:100):100
	at org.apache.catalina.core.StandardEngineValve.invoke(StandardEngineValve.java:118):118
	at org.apache.catalina.connector.CoyoteAdapter.service(CoyoteAdapter.java:405):405
	at org.apache.coyote.ajp.AjpProcessor.process(AjpProcessor.java:200):200
	at org.apache.coyote.AbstractProtocol$AbstractConnectionHandler.process(AbstractProtocol.java:515):515
	at org.apache.tomcat.util.net.JIoEndpoint$SocketProcessor.run(JIoEndpoint.java:302):302
	at java.util.concurrent.ThreadPoolExecutor$Worker.runTask(Unknown Source):-1
	at java.util.concurrent.ThreadPoolExecutor$Worker.run(Unknown Source):-1
	at java.lang.Thread.run(Unknown Source):-1
"
"ERROR","web-0","05/31/2012","10:04:26","","datasource [CCPD_PROD] doesn't exist
	at railo.runtime.config.ConfigImpl.getDataSource(ConfigImpl.java:2464):2464
	at railo.runtime.db.DatasourceManagerImpl.getConnection(DatasourceManagerImpl.java:44):44
	at railo.runtime.tag.Query.executeDatasoure(Query.java:574):574
	at railo.runtime.tag.Query.doEndTag(Query.java:430):430
	at plugins.dbmigrate.dbmigrate_cfc$cf.udfCall2(F:\Sites\uc-ccpd\plugins\DBMigrate\DBMigrate.cfc:216):216
	at plugins.dbmigrate.dbmigrate_cfc$cf.udfCall(F:\Sites\uc-ccpd\plugins\DBMigrate\DBMigrate.cfc):-1
	at railo.runtime.type.UDFImpl.implementation(UDFImpl.java:214):214
	at railo.runtime.type.UDFImpl._call(UDFImpl.java:418):418
	at railo.runtime.type.UDFImpl.call(UDFImpl.java:383):383
	at railo.runtime.util.VariableUtilImpl.callFunctionWithoutNamedValues(VariableUtilImpl.java:738):738
	at railo.runtime.PageContextImpl.getFunction(PageContextImpl.java:1444):1444
	at plugins.dbmigrate.dbmigrate_cfc$cf.udfCall1(F:\Sites\uc-ccpd\plugins\DBMigrate\DBMigrate.cfc:72):72
	at plugins.dbmigrate.dbmigrate_cfc$cf.udfCall(F:\Sites\uc-ccpd\plugins\DBMigrate\DBMigrate.cfc):-1
	at railo.runtime.type.UDFImpl.implementation(UDFImpl.java:214):214
	at railo.runtime.type.UDFImpl._call(UDFImpl.java:418):418
	at railo.runtime.type.UDFImpl.call(UDFImpl.java:383):383
	at railo.runtime.ComponentImpl._call(ComponentImpl.java:609):609
	at railo.runtime.ComponentImpl._call(ComponentImpl.java:496):496
	at railo.runtime.ComponentImpl.call(ComponentImpl.java:1794):1794
	at railo.runtime.util.VariableUtilImpl.callFunctionWithoutNamedValues(VariableUtilImpl.java:733):733
	at railo.runtime.PageContextImpl.getFunction(PageContextImpl.java:1444):1444
	at plugins.dbmigrate.index_cfm$cf.call(F:\Sites\uc-ccpd\plugins\DBMigrate\index.cfm:14):14
	at railo.runtime.PageContextImpl.doInclude(PageContextImpl.java:762):762
	at railo.runtime.PageContextImpl.doInclude(PageContextImpl.java:715):715
	at wheels._public.plugins_cfm$cf.call(F:\Sites\uc-ccpd\wheels\public\plugins.cfm:2):2
	at railo.runtime.PageContextImpl.doInclude(PageContextImpl.java:762):762
	at railo.runtime.PageContextImpl.doInclude(PageContextImpl.java:715):715
	at wheels._public.wheels_cfm$cf.call(F:\Sites\uc-ccpd\wheels\public\wheels.cfm:5):5
	at railo.runtime.PageContextImpl.doInclude(PageContextImpl.java:762):762
	at railo.runtime.PageContextImpl.doInclude(PageContextImpl.java:715):715
	at views.wheels.wheels_cfm$cf.call(F:\Sites\uc-ccpd\views\wheels\wheels.cfm:5):5
	at railo.runtime.PageContextImpl.doInclude(PageContextImpl.java:762):762
	at railo.runtime.PageContextImpl.doInclude(PageContextImpl.java:715):715
	at wheels.global.cfml_cfm$cf.udfCall2(F:\Sites\uc-ccpd\wheels\global\cfml.cfm:138):138
	at wheels.global.cfml_cfm$cf.udfCall(F:\Sites\uc-ccpd\wheels\global\cfml.cfm):-1
	at railo.runtime.type.UDFImpl.implementation(UDFImpl.java:214):214
	at railo.runtime.type.UDFImpl._call(UDFImpl.java:418):418
	at railo.runtime.type.UDFImpl.callWithNamedValues(UDFImpl.java:376):376
	at railo.runtime.util.VariableUtilImpl.callFunctionWithNamedValues(VariableUtilImpl.java:774):774
	at railo.runtime.PageContextImpl.getFunctionWithNamedValues(PageContextImpl.java:1459):1459
	at wheels.controller.rendering_cfm$cf.udfCall2(F:\Sites\uc-ccpd\wheels\controller\rendering.cfm:498):498
	at wheels.controller.rendering_cfm$cf.udfCall(F:\Sites\uc-ccpd\wheels\controller\rendering.cfm):-1
	at railo.runtime.type.UDFImpl.implementation(UDFImpl.java:214):214
	at railo.runtime.type.UDFImpl._call(UDFImpl.java:418):418
	at railo.runtime.type.UDFImpl.callWithNamedValues(UDFImpl.java:376):376
	at railo.runtime.util.VariableUtilImpl.callFunctionWithNamedValues(VariableUtilImpl.java:774):774
	at railo.runtime.PageContextImpl.getFunctionWithNamedValues(PageContextImpl.java:1459):1459
	at wheels.controller.rendering_cfm$cf.udfCall1(F:\Sites\uc-ccpd\wheels\controller\rendering.cfm:257):257
	at wheels.controller.rendering_cfm$cf.udfCall(F:\Sites\uc-ccpd\wheels\controller\rendering.cfm):-1
	at railo.runtime.type.UDFImpl.implementation(UDFImpl.java:214):214
	at railo.runtime.type.UDFImpl._call(UDFImpl.java:418):418
	at railo.runtime.type.UDFImpl.callWithNamedValues(UDFImpl.java:376):376
	at railo.runtime.util.VariableUtilImpl.callFunctionWithNamedValues(VariableUtilImpl.java:774):774
	at railo.runtime.PageContextImpl.getFunctionWithNamedValues(PageContextImpl.java:1459):1459
	at wheels.controller.rendering_cfm$cf.udfCall1(F:\Sites\uc-ccpd\wheels\controller\rendering.cfm:68):68
	at wheels.controller.rendering_cfm$cf.udfCall(F:\Sites\uc-ccpd\wheels\controller\rendering.cfm):-1
	at railo.runtime.type.UDFImpl.implementation(UDFImpl.java:214):214
	at railo.runtime.type.UDFImpl._call(UDFImpl.java:418):418
	at railo.runtime.type.UDFImpl.call(UDFImpl.java:383):383
	at railo.runtime.util.VariableUtilImpl.callFunctionWithoutNamedValues(VariableUtilImpl.java:738):738
	at railo.runtime.PageContextImpl.getFunction(PageContextImpl.java:1444):1444
	at wheels.controller.processing_cfm$cf.udfCall(F:\Sites\uc-ccpd\wheels\controller\processing.cfm:99):99
	at railo.runtime.type.UDFImpl.implementation(UDFImpl.java:214):214
	at railo.runtime.type.UDFImpl._call(UDFImpl.java:418):418
	at railo.runtime.type.UDFImpl.callWithNamedValues(UDFImpl.java:376):376
	at railo.runtime.util.VariableUtilImpl.callFunctionWithNamedValues(VariableUtilImpl.java:774):774
	at railo.runtime.PageContextImpl.getFunctionWithNamedValues(PageContextImpl.java:1459):1459
	at wheels.controller.processing_cfm$cf.udfCall(F:\Sites\uc-ccpd\wheels\controller\processing.cfm:60):60
	at railo.runtime.type.UDFImpl.implementation(UDFImpl.java:214):214
	at railo.runtime.type.UDFImpl._call(UDFImpl.java:418):418
	at railo.runtime.type.UDFImpl.call(UDFImpl.java:383):383
	at railo.runtime.ComponentImpl._call(ComponentImpl.java:609):609
	at railo.runtime.ComponentImpl._call(ComponentImpl.java:496):496
	at railo.runtime.ComponentImpl.call(ComponentImpl.java:1794):1794
	at railo.runtime.util.VariableUtilImpl.callFunctionWithoutNamedValues(VariableUtilImpl.java:733):733
	at railo.runtime.PageContextImpl.getFunction(PageContextImpl.java:1444):1444
	at wheels.dispatch.request_cfm$cf.udfCall1(F:\Sites\uc-ccpd\wheels\dispatch\request.cfm:167):167
	at wheels.dispatch.request_cfm$cf.udfCall(F:\Sites\uc-ccpd\wheels\dispatch\request.cfm):-1
	at railo.runtime.type.UDFImpl.implementation(UDFImpl.java:214):214
	at railo.runtime.type.UDFImpl._call(UDFImpl.java:418):418
	at railo.runtime.type.UDFImpl.call(UDFImpl.java:383):383
	at railo.runtime.ComponentImpl._call(ComponentImpl.java:609):609
	at railo.runtime.ComponentImpl._call(ComponentImpl.java:496):496
	at railo.runtime.ComponentImpl.call(ComponentImpl.java:1794):1794
	at railo.runtime.util.VariableUtilImpl.callFunctionWithoutNamedValues(VariableUtilImpl.java:733):733
	at railo.runtime.PageContextImpl.getFunction(PageContextImpl.java:1444):1444
	at wheels.index_cfm$cf.call(F:\Sites\uc-ccpd\wheels\index.cfm:1):1
	at railo.runtime.PageContextImpl.doInclude(PageContextImpl.java:762):762
	at railo.runtime.PageContextImpl.doInclude(PageContextImpl.java:715):715
	at rewrite_cfm$cf.call(F:\Sites\uc-ccpd\rewrite.cfm:1):1
	at railo.runtime.PageContextImpl.doInclude(PageContextImpl.java:762):762
	at railo.runtime.PageContextImpl.doInclude(PageContextImpl.java:715):715
	at wheels.events.onrequest_cfm$cf.udfCall(F:\Sites\uc-ccpd\wheels\events\onrequest.cfm:1):1
	at railo.runtime.type.UDFImpl.implementation(UDFImpl.java:214):214
	at railo.runtime.type.UDFImpl._call(UDFImpl.java:418):418
	at railo.runtime.type.UDFImpl.call(UDFImpl.java:383):383
	at railo.runtime.ComponentImpl._call(ComponentImpl.java:609):609
	at railo.runtime.ComponentImpl._call(ComponentImpl.java:496):496
	at railo.runtime.ComponentImpl.call(ComponentImpl.java:1794):1794
	at railo.runtime.listener.ModernAppListener.call(ModernAppListener.java:347):347
	at railo.runtime.listener.ModernAppListener._onRequest(ModernAppListener.java:174):174
	at railo.runtime.listener.MixedAppListener.onRequest(MixedAppListener.java:23):23
	at railo.runtime.PageContextImpl.execute(PageContextImpl.java:1991):1991
	at railo.runtime.PageContextImpl.execute(PageContextImpl.java:1958):1958
	at railo.runtime.engine.CFMLEngineImpl.serviceCFML(CFMLEngineImpl.java:297):297
	at railo.loader.servlet.CFMLServlet.service(CFMLServlet.java:32):32
	at javax.servlet.http.HttpServlet.service(HttpServlet.java:722):722
	at org.apache.catalina.core.ApplicationFilterChain.internalDoFilter(ApplicationFilterChain.java:304):304
	at org.apache.catalina.core.ApplicationFilterChain.doFilter(ApplicationFilterChain.java:210):210
	at org.apache.catalina.core.StandardWrapperValve.invoke(StandardWrapperValve.java:224):224
	at org.apache.catalina.core.StandardContextValve.invoke(StandardContextValve.java:169):169
	at org.apache.catalina.authenticator.AuthenticatorBase.invoke(AuthenticatorBase.java:472):472
	at org.apache.catalina.core.StandardHostValve.invoke(StandardHostValve.java:168):168
	at org.apache.catalina.valves.ErrorReportValve.invoke(ErrorReportValve.java:100):100
	at org.apache.catalina.core.StandardEngineValve.invoke(StandardEngineValve.java:118):118
	at org.apache.catalina.connector.CoyoteAdapter.service(CoyoteAdapter.java:405):405
	at org.apache.coyote.ajp.AjpProcessor.process(AjpProcessor.java:200):200
	at org.apache.coyote.AbstractProtocol$AbstractConnectionHandler.process(AbstractProtocol.java:515):515
	at org.apache.tomcat.util.net.JIoEndpoint$SocketProcessor.run(JIoEndpoint.java:302):302
	at java.util.concurrent.ThreadPoolExecutor$Worker.runTask(Unknown Source):-1
	at java.util.concurrent.ThreadPoolExecutor$Worker.run(Unknown Source):-1
	at java.lang.Thread.run(Unknown Source):-1
"
"ERROR","web-0","05/31/2012","10:12:35","","key [NAME] doesn't exist in struct (keys:rememberMe,subAction,mainAction)
	at railo.runtime.type.util.StructSupport.invalidKey(StructSupport.java:30):30
	at railo.runtime.type.StructImpl.get(StructImpl.java:78):78
	at admin.services_datasource_create_cfm1334$cf.call(/Users/mic/Projects/Railo/Source2/railo/railo-cfml/railo-admin/admin/services.datasource.create.cfm:107):107
	at railo.runtime.PageContextImpl.doInclude(PageContextImpl.java:762):762
	at railo.runtime.PageContextImpl.doInclude(PageContextImpl.java:715):715
	at admin.services_datasource_cfm414$cf.call(/Users/mic/Projects/Railo/Source2/railo/railo-cfml/railo-admin/admin/services.datasource.cfm:78):78
	at railo.runtime.PageContextImpl.doInclude(PageContextImpl.java:762):762
	at railo.runtime.PageContextImpl.doInclude(PageContextImpl.java:715):715
	at admin.web_cfm$cf.call(/Users/mic/Projects/Railo/Source2/railo/railo-cfml/railo-admin/admin/web.cfm:306):306
	at railo.runtime.PageContextImpl.doInclude(PageContextImpl.java:762):762
	at railo.runtime.listener.ModernAppListener._onRequest(ModernAppListener.java:179):179
	at railo.runtime.listener.MixedAppListener.onRequest(MixedAppListener.java:23):23
	at railo.runtime.PageContextImpl.execute(PageContextImpl.java:1991):1991
	at railo.runtime.PageContextImpl.execute(PageContextImpl.java:1958):1958
	at railo.runtime.engine.CFMLEngineImpl.serviceCFML(CFMLEngineImpl.java:297):297
	at railo.loader.servlet.CFMLServlet.service(CFMLServlet.java:32):32
	at javax.servlet.http.HttpServlet.service(HttpServlet.java:722):722
	at org.apache.catalina.core.ApplicationFilterChain.internalDoFilter(ApplicationFilterChain.java:304):304
	at org.apache.catalina.core.ApplicationFilterChain.doFilter(ApplicationFilterChain.java:210):210
	at org.apache.catalina.core.StandardWrapperValve.invoke(StandardWrapperValve.java:224):224
	at org.apache.catalina.core.StandardContextValve.invoke(StandardContextValve.java:169):169
	at org.apache.catalina.authenticator.AuthenticatorBase.invoke(AuthenticatorBase.java:472):472
	at org.apache.catalina.core.StandardHostValve.invoke(StandardHostValve.java:168):168
	at org.apache.catalina.valves.ErrorReportValve.invoke(ErrorReportValve.java:100):100
	at org.apache.catalina.core.StandardEngineValve.invoke(StandardEngineValve.java:118):118
	at org.apache.catalina.connector.CoyoteAdapter.service(CoyoteAdapter.java:405):405
	at org.apache.coyote.ajp.AjpProcessor.process(AjpProcessor.java:200):200
	at org.apache.coyote.AbstractProtocol$AbstractConnectionHandler.process(AbstractProtocol.java:515):515
	at org.apache.tomcat.util.net.JIoEndpoint$SocketProcessor.run(JIoEndpoint.java:302):302
	at java.util.concurrent.ThreadPoolExecutor$Worker.runTask(Unknown Source):-1
	at java.util.concurrent.ThreadPoolExecutor$Worker.run(Unknown Source):-1
	at java.lang.Thread.run(Unknown Source):-1
"
"ERROR","web-0","05/31/2012","10:44:52","","key [USERNAME] doesn't exist in argument scope
	at railo.runtime.type.scope.ArgumentImpl.get(ArgumentImpl.java:114):114
	at wheels.global.cfml_cfm$cf.udfCall3(F:\Sites\uc-ccpd\wheels\global\cfml.cfm:200):200
	at wheels.global.cfml_cfm$cf.udfCall(F:\Sites\uc-ccpd\wheels\global\cfml.cfm):-1
	at railo.runtime.type.UDFImpl.implementation(UDFImpl.java:214):214
	at railo.runtime.type.UDFImpl._call(UDFImpl.java:418):418
	at railo.runtime.type.UDFImpl.call(UDFImpl.java:383):383
	at railo.runtime.util.VariableUtilImpl.callFunctionWithoutNamedValues(VariableUtilImpl.java:738):738
	at railo.runtime.PageContextImpl.getFunction(PageContextImpl.java:1444):1444
	at views.main.home_cfm$cf.call(F:\Sites\uc-ccpd\views\main\home.cfm:1):1
	at railo.runtime.PageContextImpl.doInclude(PageContextImpl.java:762):762
	at railo.runtime.PageContextImpl.doInclude(PageContextImpl.java:715):715
	at wheels.global.cfml_cfm$cf.udfCall2(F:\Sites\uc-ccpd\wheels\global\cfml.cfm:138):138
	at wheels.global.cfml_cfm$cf.udfCall(F:\Sites\uc-ccpd\wheels\global\cfml.cfm):-1
	at railo.runtime.type.UDFImpl.implementation(UDFImpl.java:214):214
	at railo.runtime.type.UDFImpl._call(UDFImpl.java:418):418
	at railo.runtime.type.UDFImpl.callWithNamedValues(UDFImpl.java:376):376
	at railo.runtime.util.VariableUtilImpl.callFunctionWithNamedValues(VariableUtilImpl.java:774):774
	at railo.runtime.PageContextImpl.getFunctionWithNamedValues(PageContextImpl.java:1459):1459
	at wheels.controller.rendering_cfm$cf.udfCall2(F:\Sites\uc-ccpd\wheels\controller\rendering.cfm:498):498
	at wheels.controller.rendering_cfm$cf.udfCall(F:\Sites\uc-ccpd\wheels\controller\rendering.cfm):-1
	at railo.runtime.type.UDFImpl.implementation(UDFImpl.java:214):214
	at railo.runtime.type.UDFImpl._call(UDFImpl.java:418):418
	at railo.runtime.type.UDFImpl.callWithNamedValues(UDFImpl.java:376):376
	at railo.runtime.util.VariableUtilImpl.callFunctionWithNamedValues(VariableUtilImpl.java:774):774
	at railo.runtime.PageContextImpl.getFunctionWithNamedValues(PageContextImpl.java:1459):1459
	at wheels.controller.rendering_cfm$cf.udfCall1(F:\Sites\uc-ccpd\wheels\controller\rendering.cfm:257):257
	at wheels.controller.rendering_cfm$cf.udfCall(F:\Sites\uc-ccpd\wheels\controller\rendering.cfm):-1
	at railo.runtime.type.UDFImpl.implementation(UDFImpl.java:214):214
	at railo.runtime.type.UDFImpl._call(UDFImpl.java:418):418
	at railo.runtime.type.UDFImpl.callWithNamedValues(UDFImpl.java:376):376
	at railo.runtime.util.VariableUtilImpl.callFunctionWithNamedValues(VariableUtilImpl.java:774):774
	at railo.runtime.PageContextImpl.getFunctionWithNamedValues(PageContextImpl.java:1459):1459
	at wheels.controller.rendering_cfm$cf.udfCall1(F:\Sites\uc-ccpd\wheels\controller\rendering.cfm:68):68
	at wheels.controller.rendering_cfm$cf.udfCall(F:\Sites\uc-ccpd\wheels\controller\rendering.cfm):-1
	at railo.runtime.type.UDFImpl.implementation(UDFImpl.java:214):214
	at railo.runtime.type.UDFImpl._call(UDFImpl.java:418):418
	at railo.runtime.type.UDFImpl.call(UDFImpl.java:383):383
	at railo.runtime.util.VariableUtilImpl.callFunctionWithoutNamedValues(VariableUtilImpl.java:738):738
	at railo.runtime.PageContextImpl.getFunction(PageContextImpl.java:1444):1444
	at wheels.controller.processing_cfm$cf.udfCall(F:\Sites\uc-ccpd\wheels\controller\processing.cfm:99):99
	at railo.runtime.type.UDFImpl.implementation(UDFImpl.java:214):214
	at railo.runtime.type.UDFImpl._call(UDFImpl.java:418):418
	at railo.runtime.type.UDFImpl.callWithNamedValues(UDFImpl.java:376):376
	at railo.runtime.util.VariableUtilImpl.callFunctionWithNamedValues(VariableUtilImpl.java:774):774
	at railo.runtime.PageContextImpl.getFunctionWithNamedValues(PageContextImpl.java:1459):1459
	at wheels.controller.processing_cfm$cf.udfCall(F:\Sites\uc-ccpd\wheels\controller\processing.cfm:60):60
	at railo.runtime.type.UDFImpl.implementation(UDFImpl.java:214):214
	at railo.runtime.type.UDFImpl._call(UDFImpl.java:418):418
	at railo.runtime.type.UDFImpl.call(UDFImpl.java:383):383
	at railo.runtime.ComponentImpl._call(ComponentImpl.java:609):609
	at railo.runtime.ComponentImpl._call(ComponentImpl.java:496):496
	at railo.runtime.ComponentImpl.call(ComponentImpl.java:1794):1794
	at railo.runtime.util.VariableUtilImpl.callFunctionWithoutNamedValues(VariableUtilImpl.java:733):733
	at railo.runtime.PageContextImpl.getFunction(PageContextImpl.java:1444):1444
	at wheels.dispatch.request_cfm$cf.udfCall1(F:\Sites\uc-ccpd\wheels\dispatch\request.cfm:167):167
	at wheels.dispatch.request_cfm$cf.udfCall(F:\Sites\uc-ccpd\wheels\dispatch\request.cfm):-1
	at railo.runtime.type.UDFImpl.implementation(UDFImpl.java:214):214
	at railo.runtime.type.UDFImpl._call(UDFImpl.java:418):418
	at railo.runtime.type.UDFImpl.call(UDFImpl.java:383):383
	at railo.runtime.ComponentImpl._call(ComponentImpl.java:609):609
	at railo.runtime.ComponentImpl._call(ComponentImpl.java:496):496
	at railo.runtime.ComponentImpl.call(ComponentImpl.java:1794):1794
	at railo.runtime.util.VariableUtilImpl.callFunctionWithoutNamedValues(VariableUtilImpl.java:733):733
	at railo.runtime.PageContextImpl.getFunction(PageContextImpl.java:1444):1444
	at wheels.index_cfm$cf.call(F:\Sites\uc-ccpd\wheels\index.cfm:1):1
	at railo.runtime.PageContextImpl.doInclude(PageContextImpl.java:762):762
	at railo.runtime.PageContextImpl.doInclude(PageContextImpl.java:715):715
	at rewrite_cfm$cf.call(F:\Sites\uc-ccpd\rewrite.cfm:1):1
	at railo.runtime.PageContextImpl.doInclude(PageContextImpl.java:762):762
	at railo.runtime.PageContextImpl.doInclude(PageContextImpl.java:715):715
	at wheels.events.onrequest_cfm$cf.udfCall(F:\Sites\uc-ccpd\wheels\events\onrequest.cfm:1):1
	at railo.runtime.type.UDFImpl.implementation(UDFImpl.java:214):214
	at railo.runtime.type.UDFImpl._call(UDFImpl.java:418):418
	at railo.runtime.type.UDFImpl.call(UDFImpl.java:383):383
	at railo.runtime.ComponentImpl._call(ComponentImpl.java:609):609
	at railo.runtime.ComponentImpl._call(ComponentImpl.java:496):496
	at railo.runtime.ComponentImpl.call(ComponentImpl.java:1794):1794
	at railo.runtime.listener.ModernAppListener.call(ModernAppListener.java:347):347
	at railo.runtime.listener.ModernAppListener._onRequest(ModernAppListener.java:174):174
	at railo.runtime.listener.MixedAppListener.onRequest(MixedAppListener.java:23):23
	at railo.runtime.PageContextImpl.execute(PageContextImpl.java:1991):1991
	at railo.runtime.PageContextImpl.execute(PageContextImpl.java:1958):1958
	at railo.runtime.engine.CFMLEngineImpl.serviceCFML(CFMLEngineImpl.java:297):297
	at railo.loader.servlet.CFMLServlet.service(CFMLServlet.java:32):32
	at javax.servlet.http.HttpServlet.service(HttpServlet.java:722):722
	at org.apache.catalina.core.ApplicationFilterChain.internalDoFilter(ApplicationFilterChain.java:304):304
	at org.apache.catalina.core.ApplicationFilterChain.doFilter(ApplicationFilterChain.java:210):210
	at org.apache.catalina.core.StandardWrapperValve.invoke(StandardWrapperValve.java:224):224
	at org.apache.catalina.core.StandardContextValve.invoke(StandardContextValve.java:169):169
	at org.apache.catalina.authenticator.AuthenticatorBase.invoke(AuthenticatorBase.java:472):472
	at org.apache.catalina.core.StandardHostValve.invoke(StandardHostValve.java:168):168
	at org.apache.catalina.valves.ErrorReportValve.invoke(ErrorReportValve.java:100):100
	at org.apache.catalina.core.StandardEngineValve.invoke(StandardEngineValve.java:118):118
	at org.apache.catalina.connector.CoyoteAdapter.service(CoyoteAdapter.java:405):405
	at org.apache.coyote.ajp.AjpProcessor.process(AjpProcessor.java:200):200
	at org.apache.coyote.AbstractProtocol$AbstractConnectionHandler.process(AbstractProtocol.java:515):515
	at org.apache.tomcat.util.net.JIoEndpoint$SocketProcessor.run(JIoEndpoint.java:302):302
	at java.util.concurrent.ThreadPoolExecutor$Worker.runTask(Unknown Source):-1
	at java.util.concurrent.ThreadPoolExecutor$Worker.run(Unknown Source):-1
	at java.lang.Thread.run(Unknown Source):-1
"
